This is pdfTeX, Version 3.14159265-2.6-1.40.19 (MiKTeX 2.9.6745 64-bit) (preloaded format=pdflatex 2018.12.1)  1 DEC 2018 19:26
entering extended mode
**C:/Users/apagan/AppData/Local/Temp/apagan/rmarkdown/b699cef118b39616fe9829960
755f50a/rmd_b699cef118b39616fe9829960755f50a.tex

(C:/Users/apagan/AppData/Local/Temp/apagan/rmarkdown/b699cef118b39616fe98299607
55f50a/rmd_b699cef118b39616fe9829960755f50a.tex
LaTeX2e <2018-04-01> patch level 5

! LaTeX Error: Missing \begin{document}.

See the LaTeX manual or LaTeX Companion for explanation.
Type  H <return>  for immediate help.
 ...                                              
                                                  
l.1 \begin{frame}[
                  fragile]{Introduction - Buiding Interactive Plots in R} 
Here is how much of TeX's memory you used:
 9 strings out of 492973
 705 string characters out of 3126249
 56028 words of memory out of 3000000
 3978 multiletter control sequences out of 15000+200000
 3640 words of font info for 14 fonts, out of 3000000 for 9000
 1141 hyphenation exceptions out of 8191
 7i,0n,5p,203b,20s stack positions out of 5000i,500n,10000p,200000b,50000s

!  ==> Fatal error occurred, no output PDF file produced!
